find: ‘/var/spool/cups’: Permission denied
find: ‘/var/spool/cron/crontabs’: Permission denied
find: ‘/var/spool/rsyslog’: Permission denied
find: ‘/var/cache/apt/archives/partial’: Permission denied
find: ‘/var/cache/ldconfig’: Permission denied
find: ‘/var/cache/cups’: Permission denied
find: ‘/var/cache/lightdm/dmrc’: Permission denied
find: ‘/var/log/speech-dispatcher’: Permission denied
find: ‘/var/lib/mysql-keyring’: Permission denied
find: ‘/var/lib/mysql.bkup.20161119’: Permission denied
find: ‘/var/lib/colord/.cache’: Permission denied
find: ‘/var/lib/apt/lists/partial’: Permission denied
find: ‘/var/lib/bluetooth/18:F4:6A:D7:DD:EA’: Permission denied
find: ‘/var/lib/mysql-files’: Permission denied
find: ‘/var/lib/lightdm’: Permission denied
find: ‘/var/lib/udisks2’: Permission denied
find: ‘/var/lib/polkit-1’: Permission denied
find: ‘/var/lib/lightdm-data/lightdm’: Permission denied
find: ‘/var/tmp/systemd-private-1eb455c0fe294af991c34d37f82adb17-colord.service-zu2mcT’: Permission denied
find: ‘/var/tmp/systemd-private-48ca669bc1b447e7ae4e980db2c81b7a-systemd-timesyncd.service-HQllRP’: Permission denied
find: ‘/var/tmp/systemd-private-3087632f51ea42699bf95ebe64109afb-systemd-timesyncd.service-hhBIKC’: Permission denied
find: ‘/var/tmp/systemd-private-f9c3d14350114f5982b029944fb60440-systemd-timesyncd.service-KVd0M3’: Permission denied
find: ‘/var/tmp/systemd-private-26e70bb6c6f5493b9899dff0a0488e92-systemd-timesyncd.service-qJ4GCV’: Permission denied
find: ‘/var/tmp/systemd-private-1eb455c0fe294af991c34d37f82adb17-rtkit-daemon.service-BU1VFQ’: Permission denied
find: ‘/var/tmp/systemd-private-3087632f51ea42699bf95ebe64109afb-rtkit-daemon.service-jjOm2g’: Permission denied
find: ‘/var/tmp/systemd-private-7bf5a4889ac840dbb08a4941ceff403a-systemd-timesyncd.service-c4rAXX’: Permission denied
find: ‘/var/tmp/systemd-private-ea1dff1f60ae43e8baf730b201e77e18-systemd-timesyncd.service-AcuVUk’: Permission denied
find: ‘/var/tmp/systemd-private-48ca669bc1b447e7ae4e980db2c81b7a-colord.service-FLh8cq’: Permission denied
find: ‘/var/tmp/systemd-private-1e7ef62dbedf4e2eb6fda86f955f9fd9-rtkit-daemon.service-czJvlo’: Permission denied
find: ‘/var/tmp/systemd-private-1e7ef62dbedf4e2eb6fda86f955f9fd9-colord.service-YrAcRi’: Permission denied
find: ‘/var/tmp/systemd-private-26e70bb6c6f5493b9899dff0a0488e92-colord.service-q5CPWJ’: Permission denied
find: ‘/var/tmp/systemd-private-b8b6ccb3f1a549389807a6fdec82e067-systemd-timesyncd.service-HKBkMd’: Permission denied
find: ‘/var/tmp/systemd-private-7bf5a4889ac840dbb08a4941ceff403a-colord.service-dVFMJo’: Permission denied
find: ‘/var/tmp/systemd-private-3087632f51ea42699bf95ebe64109afb-colord.service-zvHM4Y’: Permission denied
find: ‘/var/tmp/systemd-private-b8b6ccb3f1a549389807a6fdec82e067-colord.service-nl6VVv’: Permission denied
find: ‘/var/tmp/systemd-private-26e70bb6c6f5493b9899dff0a0488e92-rtkit-daemon.service-eFeUjB’: Permission denied
find: ‘/var/tmp/systemd-private-1e7ef62dbedf4e2eb6fda86f955f9fd9-systemd-timesyncd.service-SJqfmh’: Permission denied
find: ‘/var/tmp/systemd-private-ea1dff1f60ae43e8baf730b201e77e18-colord.service-cMyYwK’: Permission denied
find: ‘/var/tmp/systemd-private-7bf5a4889ac840dbb08a4941ceff403a-rtkit-daemon.service-1G9Koc’: Permission denied
find: ‘/var/tmp/systemd-private-b8b6ccb3f1a549389807a6fdec82e067-rtkit-daemon.service-zMZp7H’: Permission denied
find: ‘/var/tmp/systemd-private-ea1dff1f60ae43e8baf730b201e77e18-rtkit-daemon.service-6ARp1m’: Permission denied
find: ‘/var/tmp/systemd-private-48ca669bc1b447e7ae4e980db2c81b7a-rtkit-daemon.service-HbckTt’: Permission denied
find: ‘/var/tmp/systemd-private-1eb455c0fe294af991c34d37f82adb17-systemd-timesyncd.service-V5ygAd’: Permission denied
find: ‘/var/tmp/systemd-private-f9c3d14350114f5982b029944fb60440-rtkit-daemon.service-cfLqoT’: Permission denied
find: ‘/var/tmp/systemd-private-f9c3d14350114f5982b029944fb60440-colord.service-owuvZR’: Permission denied
find: ‘/lost+found’: Permission denied
find: ‘/sys/fs/fuse/connections/8388612’: Permission denied
find: ‘/sys/fs/fuse/connections/8388620’: Permission denied
find: ‘/sys/kernel/debug’: Permission denied
